2020/07/22 18:44:55 {"callers":["/Users/huangzijian/Documents/workspace/project/goblog/main.go: 46 main.init.0"],"level":"info","message":"testlog: go-programming-tour-book/blog-service","time":1595414695211812000}
2020/07/24 15:26:00 {"callers":["/Users/huangzijian/Documents/workspace/project/goblog/main.go: 48 main.init.0"],"level":"error","message":"app.BindAndValid errs: State必须是[0 1]中的一个","time":1595575560929012000}
2020/07/24 15:26:11 {"callers":["/Users/huangzijian/Documents/workspace/project/goblog/main.go: 48 main.init.0"],"level":"error","message":"app.BindAndValid errs: State必须是[0 1]中的一个","time":1595575571120856000}
2020/07/26 15:18:38 {"callers":["/Users/huangzijian/Documents/workspace/project/goblog/main.go: 48 main.init.0"],"level":"error","message":"app.BindAndValid errs: CreatedBy为必填字段","time":1595747918586588000}
2020/07/26 15:28:32 {"callers":["/Users/huangzijian/Documents/workspace/project/goblog/main.go: 48 main.init.0"],"level":"error","message":"app.BindAndValid errs: CreatedBy为必填字段","time":1595748512448239000}
2020/07/26 15:28:56 {"callers":["/Users/huangzijian/Documents/workspace/project/goblog/main.go: 48 main.init.0"],"level":"error","message":"app.BindAndValid errs: CreatedBy为必填字段","time":1595748536437151000}
2020/07/26 15:31:18 {"callers":["/Users/huangzijian/Documents/workspace/project/goblog/main.go: 48 main.init.0"],"level":"error","message":"app.BindAndValid errs: CreatedBy为必填字段","time":1595748678015883000}
2020/07/26 15:31:34 {"callers":["/Users/huangzijian/Documents/workspace/project/goblog/main.go: 48 main.init.0"],"level":"error","message":"app.BindAndValid errs: CreatedBy为必填字段","time":1595748694965923000}
2020/07/26 15:32:17 {"callers":["/Users/huangzijian/Documents/workspace/project/goblog/main.go: 48 main.init.0"],"level":"error","message":"svc.CreateTag err: Error 1054: Unknown column 'modified_on' in 'field list'","time":1595748737682409000}
2020/07/26 15:41:25 {"callers":["/Users/huangzijian/Documents/workspace/project/goblog/main.go: 48 main.init.0"],"level":"error","message":"svc.CreateTag err: Error 1054: Unknown column 'modified_on' in 'field list'","time":1595749285498109000}
2020/07/26 15:47:36 {"callers":["/Users/huangzijian/Documents/workspace/project/goblog/main.go: 48 main.init.0"],"level":"error","message":"app.BindAndValid errs: CreatedBy为必填字段","time":1595749656846197000}
2020/07/26 15:50:28 {"callers":["/Users/huangzijian/Documents/workspace/project/goblog/main.go: 48 main.init.0"],"level":"error","message":"app.BindAndValid errs: CreatedBy为必填字段","time":1595749828393041000}
2020/07/26 15:50:54 {"callers":["/Users/huangzijian/Documents/workspace/project/goblog/main.go: 48 main.init.0"],"level":"error","message":"app.BindAndValid errs: CreatedBy为必填字段","time":1595749854329105000}
2020/07/26 15:52:21 {"callers":["/Users/huangzijian/Documents/workspace/project/goblog/main.go: 48 main.init.0"],"level":"error","message":"app.BindAndValid errs: CreatedBy为必填字段","time":1595749941189483000}
2020/07/26 15:52:30 {"callers":["/Users/huangzijian/Documents/workspace/project/goblog/main.go: 48 main.init.0"],"level":"error","message":"app.BindAndValid errs: ","time":1595749950498878000}
2020/07/26 15:52:43 {"callers":["/Users/huangzijian/Documents/workspace/project/goblog/main.go: 48 main.init.0"],"level":"error","message":"app.BindAndValid errs: CreatedBy为必填字段","time":1595749963780307000}
2020/07/26 15:55:53 {"callers":["/Users/huangzijian/Documents/workspace/project/goblog/main.go: 48 main.init.0"],"level":"error","message":"app.BindAndValid errs: ModifiedBy为必填字段","time":1595750153133704000}
2020/07/26 15:56:05 {"callers":["/Users/huangzijian/Documents/workspace/project/goblog/main.go: 48 main.init.0"],"level":"error","message":"app.BindAndValid errs: ModifiedBy为必填字段","time":1595750165091443000}
2020/07/26 16:04:21 {"callers":["/Users/huangzijian/Documents/workspace/project/goblog/main.go: 48 main.init.0"],"level":"error","message":"app.BindAndValid errs: Name长度必须至少为2个字符","time":1595750661096561000}
2020/07/29 16:15:45 {"callers":["/Users/huangzijian/Documents/workspace/project/goblog/main.go: 47 main.init.0"],"level":"error","message":"app.BindAndValid errs: CoverImageUrl必须是一个有效的URL","time":1596010545792968000}
2020/07/29 16:24:21 {"callers":["/Users/huangzijian/Documents/workspace/project/goblog/main.go: 47 main.init.0"],"level":"error","message":"app.BindAndValid errs: ","time":1596011061573576000}
2020/07/31 22:25:40 {"callers":["/Users/huangzijian/Documents/workspace/project/goblog/main.go: 47 main.init.0"],"level":"error","message":"svc.CheckAuth err: unsupported destination, should be slice or struct","time":1596205540378084000}
2020/07/31 22:26:41 {"callers":["/Users/huangzijian/Documents/workspace/project/goblog/main.go: 47 main.init.0"],"level":"error","message":"app.GenerateToken err: key is of invalid type","time":1596205601457098000}
2020/07/31 22:27:58 {"callers":["/Users/huangzijian/Documents/workspace/project/goblog/main.go: 47 main.init.0"],"level":"error","message":"app.GenerateToken err: key is of invalid type","time":1596205678126628000}
2020/07/31 22:30:26 {"callers":["/Users/huangzijian/Documents/workspace/project/goblog/main.go: 47 main.init.0"],"level":"error","message":"app.GenerateToken err: key is of invalid type","time":1596205826341033000}
2020/07/31 22:31:02 {"callers":["/Users/huangzijian/Documents/workspace/project/goblog/main.go: 47 main.init.0"],"level":"error","message":"app.GenerateToken err: key is of invalid type","time":1596205862427356000}
2020/07/31 22:56:02 {"callers":["/Users/huangzijian/Documents/workspace/project/goblog/main.go: 47 main.init.0"],"level":"error","message":"app.GenerateToken err: Invalid Key: Key must be PEM encoded PKCS1 or PKCS8 private key","time":1596207362537299000}
2020/07/31 22:57:05 {"callers":["/Users/huangzijian/Documents/workspace/project/goblog/main.go: 47 main.init.0"],"level":"error","message":"app.GenerateToken err: Invalid Key: Key must be PEM encoded PKCS1 or PKCS8 private key","time":1596207425770270000}
2020/07/31 22:59:43 {"callers":["/Users/huangzijian/Documents/workspace/project/goblog/main.go: 47 main.init.0"],"level":"error","message":"app.GenerateToken err: key is of invalid type","time":1596207583178632000}
2020/07/31 23:02:07 {"callers":["/Users/huangzijian/Documents/workspace/project/goblog/main.go: 47 main.init.0"],"level":"error","message":"app.GenerateToken err: key is of invalid type","time":1596207727122462000}
2020/07/31 23:02:55 {"callers":["/Users/huangzijian/Documents/workspace/project/goblog/main.go: 47 main.init.0"],"level":"error","message":"app.GenerateToken err: key is of invalid type","time":1596207775215859000}
2020/07/31 23:05:42 {"callers":["/Users/huangzijian/Documents/workspace/project/goblog/main.go: 47 main.init.0"],"level":"error","message":"app.GenerateToken err: key is of invalid type","time":1596207942999460000}
2020/07/31 23:06:09 {"callers":["/Users/huangzijian/Documents/workspace/project/goblog/main.go: 47 main.init.0"],"level":"error","message":"app.GenerateToken err: key is of invalid type","time":1596207969774112000}
2020/07/31 23:16:24 {"callers":["/Users/huangzijian/Documents/workspace/project/goblog/main.go: 47 main.init.0"],"level":"error","message":"app.GenerateToken err: key is of invalid type","time":1596208584990522000}
2020/07/31 23:17:16 {"callers":["/Users/huangzijian/Documents/workspace/project/goblog/main.go: 47 main.init.0"],"level":"error","message":"app.GenerateToken err: key is of invalid type","time":1596208636486535000}
